---------- Date: 2015-12-12 12:22:58 ~ IP : 195.49.201.150 ----------
REQUEST URI : /admin/index.php?route=common/filemanager&amp;token=9d8bac432ab8182b259e3e5a4834196d&amp;field=image2
MOD DETAILS:
   modFile   : /home/seomax/public_html/rc/vqmod/xml/admin_theme_base5builder_impulsepro_1.5.4-below.xml
   id        : Admin Theme - Base 5 Builder - ImpulsePro
   version   : 1.0.4
   vqmver    : 2.0
   author    : Niyi Sodipe - Base5Builder.com

File Name    : admin/view/template/common/filemanager.tpl(0)
VQModObject::applyMod - SEARCH NOT FOUND (ABORTING MOD): <?php echo $button_refresh; ?></a></div>

----------------------------------------------------------------------


---------- Date: 2015-12-12 23:30:33 ~ IP : 93.74.23.21 ----------
REQUEST URI : /index.php?route=product/product&amp;path=18&amp;product_id=319
MOD DETAILS:
   modFile   : /home/seomax/public_html/rc/vqmod/xml/product_unit_display.xml
   id        : Product Details: Unit Display
   version   : 1.1
   vqmver    : 2.1.6
   author    : real-com@ukr.net

File Name    : catalog/view/theme/*/template/product/product.tpl(0)
VQModObject::applyMod - SEARCH NOT FOUND (ABORTING MOD): <div class="price">
----------------------------------------------------------------------


---------- Date: 2015-12-12 23:30:33 ~ IP : 93.74.23.21 ----------
REQUEST URI : /index.php?route=product/product&amp;path=18&amp;product_id=319
MOD DETAILS:
   modFile   : /home/seomax/public_html/rc/vqmod/xml/product_unit_display.xml
   id        : Product Details: Unit Display
   version   : 1.1
   vqmver    : 2.1.6
   author    : real-com@ukr.net

File Name    : catalog/view/theme/*/template/product/product.tpl(0)
VQModObject::applyMod - SEARCH NOT FOUND (ABORTING MOD): <div class="price">
----------------------------------------------------------------------


---------- Date: 2015-12-12 23:30:33 ~ IP : 93.74.23.21 ----------
REQUEST URI : /index.php?route=product/product&amp;path=18&amp;product_id=319
MOD DETAILS:
   modFile   : /home/seomax/public_html/rc/vqmod/xml/product_unit_display.xml
   id        : Product Details: Unit Display
   version   : 1.1
   vqmver    : 2.1.6
   author    : real-com@ukr.net

File Name    : catalog/view/theme/*/template/product/product.tpl(0)
VQModObject::applyMod - SEARCH NOT FOUND (ABORTING MOD): <div class="price">
----------------------------------------------------------------------


---------- Date: 2015-12-12 23:30:33 ~ IP : 93.74.23.21 ----------
REQUEST URI : /index.php?route=product/product&amp;path=18&amp;product_id=319
MOD DETAILS:
   modFile   : /home/seomax/public_html/rc/vqmod/xml/product_unit_display.xml
   id        : Product Details: Unit Display
   version   : 1.1
   vqmver    : 2.1.6
   author    : real-com@ukr.net

File Name    : catalog/view/theme/*/template/product/product.tpl(0)
VQModObject::applyMod - SEARCH NOT FOUND (ABORTING MOD): <div class="price">
----------------------------------------------------------------------


---------- Date: 2015-12-12 23:30:33 ~ IP : 93.74.23.21 ----------
REQUEST URI : /index.php?route=product/product&amp;path=18&amp;product_id=319
MOD DETAILS:
   modFile   : /home/seomax/public_html/rc/vqmod/xml/product_unit_display.xml
   id        : Product Details: Unit Display
   version   : 1.1
   vqmver    : 2.1.6
   author    : real-com@ukr.net

File Name    : catalog/view/theme/*/template/product/product.tpl(0)
VQModObject::applyMod - SEARCH NOT FOUND (ABORTING MOD): <div class="price">
----------------------------------------------------------------------


---------- Date: 2015-12-12 23:30:33 ~ IP : 93.74.23.21 ----------
REQUEST URI : /index.php?route=product/product&amp;path=18&amp;product_id=319
MOD DETAILS:
   modFile   : /home/seomax/public_html/rc/vqmod/xml/product_unit_display.xml
   id        : Product Details: Unit Display
   version   : 1.1
   vqmver    : 2.1.6
   author    : real-com@ukr.net

File Name    : catalog/view/theme/*/template/product/product.tpl(0)
VQModObject::applyMod - SEARCH NOT FOUND (ABORTING MOD): <div class="price">
----------------------------------------------------------------------


---------- Date: 2015-12-12 23:30:33 ~ IP : 93.74.23.21 ----------
REQUEST URI : /index.php?route=product/product&amp;path=18&amp;product_id=319
MOD DETAILS:
   modFile   : /home/seomax/public_html/rc/vqmod/xml/product_unit_display.xml
   id        : Product Details: Unit Display
   version   : 1.1
   vqmver    : 2.1.6
   author    : real-com@ukr.net

File Name    : catalog/view/theme/*/template/product/product.tpl(0)
VQModObject::applyMod - SEARCH NOT FOUND (ABORTING MOD): <div class="price">
----------------------------------------------------------------------


---------- Date: 2015-12-12 23:30:33 ~ IP : 93.74.23.21 ----------
REQUEST URI : /index.php?route=product/product&amp;path=18&amp;product_id=319
MOD DETAILS:
   modFile   : /home/seomax/public_html/rc/vqmod/xml/product_unit_display.xml
   id        : Product Details: Unit Display
   version   : 1.1
   vqmver    : 2.1.6
   author    : real-com@ukr.net

File Name    : catalog/view/theme/*/template/product/product.tpl(0)
VQModObject::applyMod - SEARCH NOT FOUND (ABORTING MOD): <div class="price">
----------------------------------------------------------------------


---------- Date: 2015-12-12 23:30:33 ~ IP : 93.74.23.21 ----------
REQUEST URI : /index.php?route=product/product&amp;path=18&amp;product_id=319
MOD DETAILS:
   modFile   : /home/seomax/public_html/rc/vqmod/xml/product_unit_display.xml
   id        : Product Details: Unit Display
   version   : 1.1
   vqmver    : 2.1.6
   author    : real-com@ukr.net

File Name    : catalog/view/theme/*/template/product/product.tpl(0)
VQModObject::applyMod - SEARCH NOT FOUND (ABORTING MOD): <div class="price">
----------------------------------------------------------------------


---------- Date: 2015-12-12 23:30:33 ~ IP : 93.74.23.21 ----------
REQUEST URI : /index.php?route=product/product&amp;path=18&amp;product_id=319
MOD DETAILS:
   modFile   : /home/seomax/public_html/rc/vqmod/xml/product_unit_display.xml
   id        : Product Details: Unit Display
   version   : 1.1
   vqmver    : 2.1.6
   author    : real-com@ukr.net

File Name    : catalog/view/theme/*/template/product/product.tpl(0)
VQModObject::applyMod - SEARCH NOT FOUND (ABORTING MOD): <div class="price">
----------------------------------------------------------------------


---------- Date: 2015-12-12 23:30:34 ~ IP : 93.74.23.21 ----------
REQUEST URI : /index.php?route=product/product&amp;path=18&amp;product_id=319
MOD DETAILS:
   modFile   : /home/seomax/public_html/rc/vqmod/xml/product_unit_display.xml
   id        : Product Details: Unit Display
   version   : 1.1
   vqmver    : 2.1.6
   author    : real-com@ukr.net

File Name    : catalog/view/theme/*/template/product/product.tpl(0)
VQModObject::applyMod - SEARCH NOT FOUND (ABORTING MOD): <div class="price">
----------------------------------------------------------------------


---------- Date: 2015-12-12 23:30:34 ~ IP : 93.74.23.21 ----------
REQUEST URI : /index.php?route=product/product&amp;path=18&amp;product_id=319
MOD DETAILS:
   modFile   : /home/seomax/public_html/rc/vqmod/xml/product_unit_display.xml
   id        : Product Details: Unit Display
   version   : 1.1
   vqmver    : 2.1.6
   author    : real-com@ukr.net

File Name    : catalog/view/theme/*/template/product/product.tpl(0)
VQModObject::applyMod - SEARCH NOT FOUND (ABORTING MOD): <div class="price">
----------------------------------------------------------------------


---------- Date: 2015-12-12 23:30:34 ~ IP : 93.74.23.21 ----------
REQUEST URI : /index.php?route=product/product&amp;path=18&amp;product_id=319
MOD DETAILS:
   modFile   : /home/seomax/public_html/rc/vqmod/xml/product_unit_display.xml
   id        : Product Details: Unit Display
   version   : 1.1
   vqmver    : 2.1.6
   author    : real-com@ukr.net

File Name    : catalog/view/theme/*/template/product/product.tpl(0)
VQModObject::applyMod - SEARCH NOT FOUND (ABORTING MOD): <div class="price">
----------------------------------------------------------------------


